<?xml version="1.0" encoding="UTF-8"?>
<!-- Generated by org.testng.reporters.JUnitReportReporter -->
<testsuite skipped="0" hostname="DESKTOP-GVP6VOS" name="testwebapp.com.test.AppTest" tests="1" failures="0" timestamp="2021-08-20T13:00:58 IST" time="6.133" errors="0">
  <testcase name="testApp" time="6.133" classname="testwebapp.com.test.AppTest"/>
  <system-out/>
</testsuite> <!-- testwebapp.com.test.AppTest -->
